<?xml version="1.0" encoding="UTF-8"?>
<!-- Generated by org.testng.reporters.JUnitReportReporter -->
<testsuite hostname="DESKTOP-26G0JUG" failures="0" tests="1" name="com.Loans.NewLoan.tests.NewLoanLiveTest2" time="82.286" errors="0" timestamp="2024-03-08T18:58:03 IST" skipped="0">
  <testcase classname="com.Loans.NewLoan.tests.NewLoanLiveTest2" name="validateCashflowAndSummaryAfterPartialRepayment" time="82.286"/>
  <system-out/>
</testsuite> <!-- com.Loans.NewLoan.tests.NewLoanLiveTest2 -->
