<?xml version="1.0" encoding="UTF-8"?>
<!-- Generated by org.testng.reporters.JUnitReportReporter -->
<testsuite hostname="DESKTOP-26G0JUG" failures="0" tests="8" name="com.Funding.InterestPayment.tests.InterestPaymentStep1Test" time="43.690" errors="0" timestamp="2024-03-05T12:19:12 IST" skipped="0">
  <testcase classname="com.Funding.InterestPayment.tests.InterestPaymentStep1Test" name="validateInterestPaymentPageVisibility" time="30.778"/>
  <system-out/>
  <testcase classname="com.Funding.InterestPayment.tests.InterestPaymentStep1Test" name="validateInterestPaymentPageSections" time="0.418"/>
  <system-out/>
  <testcase classname="com.Funding.InterestPayment.tests.InterestPaymentStep1Test" name="validateCompileStepHighlighted" time="0.352"/>
  <system-out/>
  <testcase classname="com.Funding.InterestPayment.tests.InterestPaymentStep1Test" name="validateDatesBaseOnSelectedYearandMonth" time="3.782"/>
  <system-out/>
  <testcase classname="com.Funding.InterestPayment.tests.InterestPaymentStep1Test" name="validateListOfBatchRuns" time="1.537"/>
  <system-out/>
  <testcase classname="com.Funding.InterestPayment.tests.InterestPaymentStep1Test" name="validateBatchRunListDetails" time="0.653"/>
  <system-out/>
  <testcase classname="com.Funding.InterestPayment.tests.InterestPaymentStep1Test" name="validateViewInterestButton" time="5.497"/>
  <system-out/>
  <testcase classname="com.Funding.InterestPayment.tests.InterestPaymentStep1Test" name="validateListOfAllFacilities" time="0.673"/>
  <system-out/>
</testsuite> <!-- com.Funding.InterestPayment.tests.InterestPaymentStep1Test -->
