<?xml version="1.0" encoding="UTF-8"?>
<!-- Generated by org.testng.reporters.JUnitReportReporter -->
<testsuite hostname="DESKTOP-26G0JUG" failures="0" tests="6" name="com.Funding.tests.CalculateInterestTest" time="34.310" errors="0" timestamp="2024-05-22T21:04:16 IST" skipped="0">
  <testcase classname="com.Funding.tests.CalculateInterestTest" name="validateCalculateInterestPageVisibility" time="23.078"/>
  <system-out/>
  <testcase classname="com.Funding.tests.CalculateInterestTest" name="validateCalculateInterestPageSections" time="0.405"/>
  <system-out/>
  <testcase classname="com.Funding.tests.CalculateInterestTest" name="validateLaunchDateSorting" time="0.586"/>
  <system-out/>
  <testcase classname="com.Funding.tests.CalculateInterestTest" name="validateRunScriptWithoutSelectingDate" time="0.498"/>
  <system-out/>
  <testcase classname="com.Funding.tests.CalculateInterestTest" name="validateCalenderOpening" time="0.537"/>
  <system-out/>
  <testcase classname="com.Funding.tests.CalculateInterestTest" name="validateCalenderFutureDate" time="9.206"/>
  <system-out/>
</testsuite> <!-- com.Funding.tests.CalculateInterestTest -->
