<?xml version="1.0" encoding="UTF-8"?>
<!-- Generated by org.testng.reporters.JUnitReportReporter -->
<testsuite hostname="Workstation" failures="0" tests="11" name="com.InvestorPortal.tests.IPLogin" time="172.216" errors="0" timestamp="2024-06-17T14:50:00 IST" skipped="0">
  <testcase classname="com.InvestorPortal.tests.IPLogin" name="validUserLogin" time="24.404"/>
  <system-out/>
  <testcase classname="com.InvestorPortal.tests.IPLogin" name="invalidUserNameLogin" time="3.517"/>
  <system-out/>
  <testcase classname="com.InvestorPortal.tests.IPLogin" name="invalidPasswordLogin" time="2.280"/>
  <system-out/>
  <testcase classname="com.InvestorPortal.tests.IPLogin" name="skipUserNameAndTryLogin" time="1.897"/>
  <system-out/>
  <testcase classname="com.InvestorPortal.tests.IPLogin" name="skipPasswordAndTryLogin" time="1.951"/>
  <system-out/>
  <testcase classname="com.InvestorPortal.tests.IPLogin" name="validateForgetPasswordRedirection" time="1.844"/>
  <system-out/>
  <testcase classname="com.InvestorPortal.tests.IPLogin" name="invalidEmailInForgotPassword" time="1.236"/>
  <system-out/>
  <testcase classname="com.InvestorPortal.tests.IPLogin" name="validateSignInRedirectionFromForgotPassword" time="0.995"/>
  <system-out/>
  <testcase classname="com.InvestorPortal.tests.IPLogin" name="validateResetPasswordUsingChangePassword" time="28.377"/>
  <system-out/>
  <testcase classname="com.InvestorPortal.tests.IPLogin" name="userLoginByNewlySetPassword" time="45.520"/>
  <system-out/>
  <testcase classname="com.InvestorPortal.tests.IPLogin" name="validateUserLoginByOldPassword" time="60.195"/>
  <system-out/>
</testsuite> <!-- com.InvestorPortal.tests.IPLogin -->
