<?xml version="1.0" encoding="UTF-8"?>
<!-- Generated by org.testng.reporters.JUnitReportReporter -->
<testsuite hostname="Workstation" failures="0" tests="5" name="com.InvestorPortal.tests.IPLoginViewAccount" time="43.655" errors="0" timestamp="2024-06-14T16:23:58 IST" skipped="0">
  <testcase classname="com.InvestorPortal.tests.IPLoginViewAccount" name="validateViewAccountButtonVisibility" time="27.005"/>
  <system-out/>
  <testcase classname="com.InvestorPortal.tests.IPLoginViewAccount" name="validateIPDashboard" time="4.805"/>
  <system-out/>
  <testcase classname="com.InvestorPortal.tests.IPLoginViewAccount" name="validateIPDashboardExitAccountButton" time="0.022"/>
  <system-out/>
  <testcase classname="com.InvestorPortal.tests.IPLoginViewAccount" name="validateIPExitAccountButtonText" time="4.887"/>
  <system-out/>
  <testcase classname="com.InvestorPortal.tests.IPLoginViewAccount" name="validateIPExitAccountButtonAction" time="6.936"/>
  <system-out/>
</testsuite> <!-- com.InvestorPortal.tests.IPLoginViewAccount -->
