<?xml version="1.0" encoding="UTF-8"?>
<!-- Generated by org.testng.reporters.JUnitReportReporter -->
<testsuite hostname="DESKTOP-26G0JUG" failures="0" tests="3" name="com.Administration.tests.LoginTest2" time="92.520" errors="0" timestamp="2024-02-26T12:52:12 IST" skipped="0">
  <testcase classname="com.Administration.tests.LoginTest2" name="validateResetPasswordUsingChangePassword" time="46.497"/>
  <system-out/>
  <testcase classname="com.Administration.tests.LoginTest2" name="userLoginByNewlySetPassword" time="43.026"/>
  <system-out/>
  <testcase classname="com.Administration.tests.LoginTest2" name="validateUserLoginByOldPassword" time="2.997"/>
  <system-out/>
</testsuite> <!-- com.Administration.tests.LoginTest2 -->
