<?xml version="1.0" encoding="UTF-8"?>
<!-- Generated by org.testng.reporters.JUnitReportReporter -->
<testsuite hostname="DESKTOP-26G0JUG" failures="0" tests="2" name="com.Funding.tests.CalculateInterestRunScriptTest" time="629.851" errors="0" timestamp="2024-05-22T21:04:16 IST" skipped="0">
  <testcase classname="com.Funding.tests.CalculateInterestRunScriptTest" name="validateRunScriptWithAndWithoutDateSelection" time="629.473"/>
  <system-out/>
  <testcase classname="com.Funding.tests.CalculateInterestRunScriptTest" name="validateLaunchDateSortingAfterScriptRun" time="0.378"/>
  <system-out/>
</testsuite> <!-- com.Funding.tests.CalculateInterestRunScriptTest -->
