<?xml version="1.0" encoding="UTF-8"?>
<!-- Generated by org.testng.reporters.JUnitReportReporter -->
<testsuite hostname="DESKTOP-26G0JUG" failures="0" tests="8" name="com.Pipeline.tests.PipelineTest" time="161.671" errors="0" timestamp="2024-05-23T17:36:21 IST" skipped="0">
  <testcase classname="com.Pipeline.tests.PipelineTest" name="validatePipelineVisibility" time="54.358"/>
  <system-out/>
  <testcase classname="com.Pipeline.tests.PipelineTest" name="validatePipelineOptions" time="2.038"/>
  <system-out/>
  <testcase classname="com.Pipeline.tests.PipelineTest" name="validatePipelineDatabase" time="9.803"/>
  <system-out/>
  <testcase classname="com.Pipeline.tests.PipelineTest" name="validatePipelineDatabaseActionColumn" time="0.998"/>
  <system-out/>
  <testcase classname="com.Pipeline.tests.PipelineTest" name="validateArchive" time="45.160"/>
  <system-out/>
  <testcase classname="com.Pipeline.tests.PipelineTest" name="validateEditButtonNavigation" time="3.058"/>
  <system-out/>
  <testcase classname="com.Pipeline.tests.PipelineTest" name="validateEdit" time="24.785"/>
  <system-out/>
  <testcase classname="com.Pipeline.tests.PipelineTest" name="validateMoveToBridgeLoanDatabase" time="21.471"/>
  <system-out/>
</testsuite> <!-- com.Pipeline.tests.PipelineTest -->
