<?xml version="1.0" encoding="UTF-8"?>
<!-- Generated by org.testng.reporters.JUnitReportReporter -->
<testsuite hostname="Workstation" failures="0" tests="8" name="com.InvestorPortal.tests.IPValidateLeftSideMenu" time="118.830" errors="0" timestamp="2024-06-20T16:17:21 IST" skipped="0">
  <testcase classname="com.InvestorPortal.tests.IPValidateLeftSideMenu" name="validateDashboardSideMenu" time="45.591"/>
  <system-out/>
  <testcase classname="com.InvestorPortal.tests.IPValidateLeftSideMenu" name="validateSideMenuOptions" time="0.220"/>
  <system-out/>
  <testcase classname="com.InvestorPortal.tests.IPValidateLeftSideMenu" name="validateTopRightHeader" time="1.444"/>
  <system-out/>
  <testcase classname="com.InvestorPortal.tests.IPValidateLeftSideMenu" name="validateMyProfilePage" time="3.186"/>
  <system-out/>
  <testcase classname="com.InvestorPortal.tests.IPValidateLeftSideMenu" name="validateLogout" time="17.768"/>
  <system-out/>
  <testcase classname="com.InvestorPortal.tests.IPValidateLeftSideMenu" name="validateLogoAndIcon" time="46.379"/>
  <system-out/>
  <testcase classname="com.InvestorPortal.tests.IPValidateLeftSideMenu" name="validateDashboardOption" time="1.551"/>
  <system-out/>
  <testcase classname="com.InvestorPortal.tests.IPValidateLeftSideMenu" name="validateHamburgerIcon" time="2.691"/>
  <system-out/>
</testsuite> <!-- com.InvestorPortal.tests.IPValidateLeftSideMenu -->
