<?xml version="1.0" encoding="UTF-8"?>
<!-- Generated by org.testng.reporters.JUnitReportReporter -->
<testsuite hostname="DESKTOP-26G0JUG" failures="0" tests="10" name="com.Reporting.tests.UpdatesTest" time="300.505" errors="0" timestamp="2024-02-28T12:38:24 IST" skipped="0">
  <testcase classname="com.Reporting.tests.UpdatesTest" name="validateReportingUpdatesPageVisibility" time="49.634"/>
  <system-out/>
  <testcase classname="com.Reporting.tests.UpdatesTest" name="validateReportingUpdatesPageSections" time="1.271"/>
  <system-out/>
  <testcase classname="com.Reporting.tests.UpdatesTest" name="validateAutomatedDailyBatchRun" time="11.154"/>
  <system-out/>
  <testcase classname="com.Reporting.tests.UpdatesTest" name="validateFirstDateinSingleSelectDateDropdown" time="15.976"/>
  <system-out/>
  <testcase classname="com.Reporting.tests.UpdatesTest" name="validate25RecordsInPagination" time="94.043"/>
  <system-out/>
  <testcase classname="com.Reporting.tests.UpdatesTest" name="validate50RecordsInPagination" time="56.603"/>
  <system-out/>
  <testcase classname="com.Reporting.tests.UpdatesTest" name="validate75RecordsInPagination" time="46.782"/>
  <system-out/>
  <testcase classname="com.Reporting.tests.UpdatesTest" name="validateSpecificPageSelection" time="10.539"/>
  <system-out/>
  <testcase classname="com.Reporting.tests.UpdatesTest" name="validateForwardNavigation" time="9.238"/>
  <system-out/>
  <testcase classname="com.Reporting.tests.UpdatesTest" name="validateBackwardNavigation" time="5.265"/>
  <system-out/>
</testsuite> <!-- com.Reporting.tests.UpdatesTest -->
