<?xml version="1.0" encoding="UTF-8"?>
<!-- Generated by org.testng.reporters.JUnitReportReporter -->
<testsuite hostname="DESKTOP-26G0JUG" failures="0" tests="1" name="com.Treasury.tests.DatabaseTest3" time="114.565" errors="0" timestamp="2024-04-30T18:00:06 IST" skipped="0">
  <testcase classname="com.Treasury.tests.DatabaseTest3" name="validateComplianceCriteria" time="114.565"/>
  <system-out/>
</testsuite> <!-- com.Treasury.tests.DatabaseTest3 -->
