<?xml version="1.0" encoding="UTF-8"?>
<!-- Generated by org.testng.reporters.JUnitReportReporter -->
<testsuite hostname="DESKTOP-26G0JUG" failures="0" tests="1" name="com.Treasury.tests.PortfolioTest3" time="36.822" errors="0" timestamp="2024-04-18T12:15:34 IST" skipped="0">
  <testcase classname="com.Treasury.tests.PortfolioTest3" name="validateBackFromStep4ToStep3" time="36.822"/>
  <system-out/>
</testsuite> <!-- com.Treasury.tests.PortfolioTest3 -->
