<?xml version="1.0" encoding="UTF-8"?>
<!-- Generated by org.testng.reporters.JUnitReportReporter -->
<testsuite hostname="DESKTOP-26G0JUG" failures="0" tests="11" name="com.Loans.NewLoan.tests.NewLoanTest" time="274.559" errors="0" timestamp="2024-05-23T15:08:18 IST" skipped="0">
  <testcase classname="com.Loans.NewLoan.tests.NewLoanTest" name="validateBorrowerPageVisibility" time="25.591"/>
  <system-out/>
  <testcase classname="com.Loans.NewLoan.tests.NewLoanTest" name="validateNewBridgeLoanPage" time="0.234"/>
  <system-out/>
  <testcase classname="com.Loans.NewLoan.tests.NewLoanTest" name="validateBridgeLoanInternalReferenceField" time="4.637"/>
  <system-out/>
  <testcase classname="com.Loans.NewLoan.tests.NewLoanTest" name="validateLoanTabDetails" time="5.714"/>
  <system-out/>
  <testcase classname="com.Loans.NewLoan.tests.NewLoanTest" name="validateLoanStatusLive" time="39.902"/>
  <system-out/>
  <testcase classname="com.Loans.NewLoan.tests.NewLoanTest" name="validateLoanStatusOverdue" time="39.215"/>
  <system-out/>
  <testcase classname="com.Loans.NewLoan.tests.NewLoanTest" name="validatePaymentDateInLoanHistory" time="16.881"/>
  <system-out/>
  <testcase classname="com.Loans.NewLoan.tests.NewLoanTest" name="validateCashflowTab" time="16.156"/>
  <system-out/>
  <testcase classname="com.Loans.NewLoan.tests.NewLoanTest" name="validateCurrentAmountAfterDisbursement" time="55.468"/>
  <system-out/>
  <testcase classname="com.Loans.NewLoan.tests.NewLoanTest" name="validateCurrentAmountAfterRepayment" time="47.606"/>
  <system-out/>
  <testcase classname="com.Loans.NewLoan.tests.NewLoanTest" name="validateNotRepaidLoans" time="23.155"/>
  <system-out/>
</testsuite> <!-- com.Loans.NewLoan.tests.NewLoanTest -->
