<?xml version="1.0" encoding="UTF-8"?>
<!-- Generated by org.testng.reporters.JUnitReportReporter -->
<testsuite hostname="DESKTOP-26G0JUG" failures="0" tests="13" name="com.Loans.NewLoan.tests.NewLoanOverdueOrEnforcedTest" time="452.638" errors="0" timestamp="2024-05-23T15:08:18 IST" skipped="0">
  <testcase classname="com.Loans.NewLoan.tests.NewLoanOverdueOrEnforcedTest" name="validateRepaymentPopup" time="100.817"/>
  <system-out/>
  <testcase classname="com.Loans.NewLoan.tests.NewLoanOverdueOrEnforcedTest" name="validateCancelInRepaymentPopup" time="35.473"/>
  <system-out/>
  <testcase classname="com.Loans.NewLoan.tests.NewLoanOverdueOrEnforcedTest" name="validatePopupInFullRepayment" time="6.333"/>
  <system-out/>
  <testcase classname="com.Loans.NewLoan.tests.NewLoanOverdueOrEnforcedTest" name="validateCancelBeforeFullRepayment" time="36.065"/>
  <system-out/>
  <testcase classname="com.Loans.NewLoan.tests.NewLoanOverdueOrEnforcedTest" name="validateInterestRefundPopup" time="6.488"/>
  <system-out/>
  <testcase classname="com.Loans.NewLoan.tests.NewLoanOverdueOrEnforcedTest" name="validateCancelInterestRefundPopup" time="35.809"/>
  <system-out/>
  <testcase classname="com.Loans.NewLoan.tests.NewLoanOverdueOrEnforcedTest" name="validateWarningInInterestRefundPopup" time="7.308"/>
  <system-out/>
  <testcase classname="com.Loans.NewLoan.tests.NewLoanOverdueOrEnforcedTest" name="validateRepaidStatusAfterConfirmationNo" time="66.869"/>
  <system-out/>
  <testcase classname="com.Loans.NewLoan.tests.NewLoanOverdueOrEnforcedTest" name="validateRepaidStatusAfterConfirmationYes" time="41.771"/>
  <system-out/>
  <testcase classname="com.Loans.NewLoan.tests.NewLoanOverdueOrEnforcedTest" name="validateHistoryAfterFullRepayment" time="0.741"/>
  <system-out/>
  <testcase classname="com.Loans.NewLoan.tests.NewLoanOverdueOrEnforcedTest" name="validateCashflowAfterFullRepayment" time="0.416"/>
  <system-out/>
  <testcase classname="com.Loans.NewLoan.tests.NewLoanOverdueOrEnforcedTest" name="validateSummayAfterFullRepayment" time="0.684"/>
  <system-out/>
  <testcase classname="com.Loans.NewLoan.tests.NewLoanOverdueOrEnforcedTest" name="validateLoanDefaultInterestPaidAfterFullRepayment" time="113.864"/>
  <system-out/>
</testsuite> <!-- com.Loans.NewLoan.tests.NewLoanOverdueOrEnforcedTest -->
