<?xml version="1.0" encoding="UTF-8"?>
<!-- Generated by org.testng.reporters.JUnitReportReporter -->
<testsuite hostname="DESKTOP-26G0JUG" failures="0" tests="1" name="com.Funding.tests.ManagementAccountsTest2" time="26.902" errors="0" timestamp="2024-05-30T13:35:52 IST" skipped="0">
  <testcase classname="com.Funding.tests.ManagementAccountsTest2" name="validateInterestAnalysisWithCashflows" time="26.902"/>
  <system-out/>
</testsuite> <!-- com.Funding.tests.ManagementAccountsTest2 -->
