<?xml version="1.0" encoding="UTF-8"?>
<!-- Generated by org.testng.reporters.JUnitReportReporter -->
<testsuite hostname="DESKTOP-26G0JUG" failures="0" tests="1" name="com.Treasury.tests.SingleTest2" time="1213.272" errors="0" timestamp="2024-04-02T12:35:31 IST" skipped="0">
  <testcase classname="com.Treasury.tests.SingleTest2" name="validateCheckOnRegionalLimits" time="1213.272"/>
  <system-out/>
</testsuite> <!-- com.Treasury.tests.SingleTest2 -->
