<?xml version="1.0" encoding="UTF-8"?>
<!-- Generated by org.testng.reporters.JUnitReportReporter -->
<testsuite hostname="Workstation" failures="0" tests="1" name="com.InvestorPortal.tests.LoginInvestorPortal" time="35.728" errors="0" timestamp="2024-06-06T20:09:14 IST" skipped="0">
  <testcase classname="com.InvestorPortal.tests.LoginInvestorPortal" name="validateUserLoginByOldPassword" time="35.728"/>
  <system-out/>
</testsuite> <!-- com.InvestorPortal.tests.LoginInvestorPortal -->
