<?xml version="1.0" encoding="UTF-8"?>
<!-- Generated by org.testng.reporters.JUnitReportReporter -->
<testsuite hostname="DESKTOP-26G0JUG" failures="0" tests="1" name="com.Funding.tests.NewFacilityTest2" time="83.945" errors="0" timestamp="2024-03-26T19:54:25 IST" skipped="0">
  <testcase classname="com.Funding.tests.NewFacilityTest2" name="validateCashAmountAndAccountBalanceAfterAddingDrawdowns" time="83.945"/>
  <system-out/>
</testsuite> <!-- com.Funding.tests.NewFacilityTest2 -->
