<?xml version="1.0" encoding="UTF-8"?>
<!-- Generated by org.testng.reporters.JUnitReportReporter -->
<testsuite hostname="DESKTOP-26G0JUG" failures="0" tests="4" name="com.Loans.NewLoan.tests.DatabaseTest" time="86.036" errors="0" timestamp="2024-05-23T15:08:18 IST" skipped="0">
  <testcase classname="com.Loans.NewLoan.tests.DatabaseTest" name="validateBridgeLoanDatabasePage" time="47.540"/>
  <system-out/>
  <testcase classname="com.Loans.NewLoan.tests.DatabaseTest" name="validateActionColumn" time="8.893"/>
  <system-out/>
  <testcase classname="com.Loans.NewLoan.tests.DatabaseTest" name="validateLoanSearchByInternalRef" time="14.707"/>
  <system-out/>
  <testcase classname="com.Loans.NewLoan.tests.DatabaseTest" name="validateLoanSearchByLoanRef" time="14.896"/>
  <system-out/>
</testsuite> <!-- com.Loans.NewLoan.tests.DatabaseTest -->
