<?xml version="1.0" encoding="UTF-8"?>
<!-- Generated by org.testng.reporters.JUnitReportReporter -->
<testsuite hostname="DESKTOP-26G0JUG" failures="0" tests="9" name="com.Administration.tests.LoginTest" time="71.641" errors="0" timestamp="2024-05-23T17:36:21 IST" skipped="0">
  <testcase classname="com.Administration.tests.LoginTest" name="validUserLogin" time="47.187"/>
  <system-out/>
  <testcase classname="com.Administration.tests.LoginTest" name="invalidUserNameLogin" time="4.166"/>
  <system-out/>
  <testcase classname="com.Administration.tests.LoginTest" name="invalidPasswordLogin" time="3.527"/>
  <system-out/>
  <testcase classname="com.Administration.tests.LoginTest" name="skipUserNameAndTryLogin" time="3.226"/>
  <system-out/>
  <testcase classname="com.Administration.tests.LoginTest" name="skipPasswordAndTryLogin" time="3.562"/>
  <system-out/>
  <testcase classname="com.Administration.tests.LoginTest" name="validateForgetPasswordRedirection" time="1.978"/>
  <system-out/>
  <testcase classname="com.Administration.tests.LoginTest" name="invalidEmailInForgotPassword" time="2.557"/>
  <system-out/>
  <testcase classname="com.Administration.tests.LoginTest" name="validateSignInRedirectionFromForgotPassword" time="1.847"/>
  <system-out/>
  <testcase classname="com.Administration.tests.LoginTest" name="validateUserLoginByOldPassword" time="3.591"/>
  <system-out/>
</testsuite> <!-- com.Administration.tests.LoginTest -->
