<?xml version="1.0" encoding="UTF-8"?>
<!-- Generated by org.testng.reporters.JUnitReportReporter -->
<testsuite hostname="DESKTOP-26G0JUG" failures="0" tests="14" name="com.Loans.NewLoan.tests.NewLoanLiveTest" time="424.218" errors="0" timestamp="2024-05-23T15:08:18 IST" skipped="0">
  <testcase classname="com.Loans.NewLoan.tests.NewLoanLiveTest" name="validateRepaymentPopup" time="99.560"/>
  <system-out/>
  <testcase classname="com.Loans.NewLoan.tests.NewLoanLiveTest" name="validateCancelInRepaymentPopup" time="35.318"/>
  <system-out/>
  <testcase classname="com.Loans.NewLoan.tests.NewLoanLiveTest" name="validatePopupInFullRepayment" time="6.265"/>
  <system-out/>
  <testcase classname="com.Loans.NewLoan.tests.NewLoanLiveTest" name="validateCancelBeforeFullRepayment" time="35.984"/>
  <system-out/>
  <testcase classname="com.Loans.NewLoan.tests.NewLoanLiveTest" name="validateInterestRefundPopup" time="7.083"/>
  <system-out/>
  <testcase classname="com.Loans.NewLoan.tests.NewLoanLiveTest" name="validateCancelInterestRefundPopup" time="36.375"/>
  <system-out/>
  <testcase classname="com.Loans.NewLoan.tests.NewLoanLiveTest" name="validateWarningInInterestRefundPopup" time="7.709"/>
  <system-out/>
  <testcase classname="com.Loans.NewLoan.tests.NewLoanLiveTest" name="validateRepaidStatusAfterConfirmationNo" time="67.309"/>
  <system-out/>
  <testcase classname="com.Loans.NewLoan.tests.NewLoanLiveTest" name="validateRepaidStatusAfterConfirmationYes" time="41.506"/>
  <system-out/>
  <testcase classname="com.Loans.NewLoan.tests.NewLoanLiveTest" name="validateHistoryAfterFullRepayment" time="0.723"/>
  <system-out/>
  <testcase classname="com.Loans.NewLoan.tests.NewLoanLiveTest" name="validateCashflowAfterFullRepayment" time="0.487"/>
  <system-out/>
  <testcase classname="com.Loans.NewLoan.tests.NewLoanLiveTest" name="validateSummayAfterFullRepayment" time="0.688"/>
  <system-out/>
  <testcase classname="com.Loans.NewLoan.tests.NewLoanLiveTest" name="validatePopupInPartialRepayment" time="6.898"/>
  <system-out/>
  <testcase classname="com.Loans.NewLoan.tests.NewLoanLiveTest" name="validateCashflowAndSummaryAfterPartialRepayment" time="78.313"/>
  <system-out/>
</testsuite> <!-- com.Loans.NewLoan.tests.NewLoanLiveTest -->
