<?xml version="1.0" encoding="UTF-8"?>
<!-- Generated by org.testng.reporters.JUnitReportReporter -->
<testsuite hostname="DESKTOP-26G0JUG" failures="0" tests="1" name="com.Treasury.tests.DatabaseTest" time="30.943" errors="0" timestamp="2024-04-24T10:35:53 IST" skipped="0">
  <testcase classname="com.Treasury.tests.DatabaseTest" name="validateTotalLoanAmount" time="30.943"/>
  <system-out/>
</testsuite> <!-- com.Treasury.tests.DatabaseTest -->
