<?xml version="1.0" encoding="UTF-8"?>
<!-- Generated by org.testng.reporters.JUnitReportReporter -->
<testsuite hostname="DESKTOP-26G0JUG" failures="0" tests="31" name="com.Funding.tests.NewFacilityTest" time="640.679" errors="0" timestamp="2024-05-22T21:04:16 IST" skipped="0">
  <testcase classname="com.Funding.tests.NewFacilityTest" name="visibilityOfFundingMenuFromSideMenuOptions" time="43.807"/>
  <system-out/>
  <testcase classname="com.Funding.tests.NewFacilityTest" name="visibilityOfFundingSubMenuOptions" time="0.573"/>
  <system-out/>
  <testcase classname="com.Funding.tests.NewFacilityTest" name="validateNewFacilityPageVisibility" time="7.302"/>
  <system-out/>
  <testcase classname="com.Funding.tests.NewFacilityTest" name="visibilityOfNewFacilityPageHeader" time="0.166"/>
  <system-out/>
  <testcase classname="com.Funding.tests.NewFacilityTest" name="validateLoanFacilityStatus" time="0.164"/>
  <system-out/>
  <testcase classname="com.Funding.tests.NewFacilityTest" name="visibilityOfInternalReferenceText" time="0.136"/>
  <system-out/>
  <testcase classname="com.Funding.tests.NewFacilityTest" name="visibilityOfMenusUnderNewFacilityPage" time="0.239"/>
  <system-out/>
  <testcase classname="com.Funding.tests.NewFacilityTest" name="validateOptionsUnderDrawdownsSection" time="1.414"/>
  <system-out/>
  <testcase classname="com.Funding.tests.NewFacilityTest" name="validatePopupByClickingOnNewDrawdownButton" time="17.350"/>
  <system-out/>
  <testcase classname="com.Funding.tests.NewFacilityTest" name="validateCreateDrawdownsAndUnconfirmedStatus" time="27.443"/>
  <system-out/>
  <testcase classname="com.Funding.tests.NewFacilityTest" name="validateCreateRepaymentAndUnconfirmedStatus" time="27.074"/>
  <system-out/>
  <testcase classname="com.Funding.tests.NewFacilityTest" name="validateOnSavingRepaymentsDetailsIntoSystemAndConfirmation" time="50.473"/>
  <system-out/>
  <testcase classname="com.Funding.tests.NewFacilityTest" name="validateOnSavingDrawdownsDetailsIntoSystem" time="16.562"/>
  <system-out/>
  <testcase classname="com.Funding.tests.NewFacilityTest" name="validateIfDrawdownAmountIsLessThenUndrawnAmount" time="16.771"/>
  <system-out/>
  <testcase classname="com.Funding.tests.NewFacilityTest" name="validateIfRepaymentAmountIsLessThenCashAmount" time="32.717"/>
  <system-out/>
  <testcase classname="com.Funding.tests.NewFacilityTest" name="validateIfRepaymentIsGreaterThenCashAmount" time="19.517"/>
  <system-out/>
  <testcase classname="com.Funding.tests.NewFacilityTest" name="validateIfDrawdownIsGreaterThenUndrawnAmount" time="14.733"/>
  <system-out/>
  <testcase classname="com.Funding.tests.NewFacilityTest" name="validateAllRepaymentsSum" time="14.930"/>
  <system-out/>
  <testcase classname="com.Funding.tests.NewFacilityTest" name="validateAllDrawdownsSum" time="16.900"/>
  <system-out/>
  <testcase classname="com.Funding.tests.NewFacilityTest" name="validateDrawdownIfSkippedDate" time="15.506"/>
  <system-out/>
  <testcase classname="com.Funding.tests.NewFacilityTest" name="validateConfirmRepaymentAndGreenTick" time="42.887"/>
  <system-out/>
  <testcase classname="com.Funding.tests.NewFacilityTest" name="validateCashAmountAndAccountBalanceAfterAddingRepayments" time="20.992"/>
  <system-out/>
  <testcase classname="com.Funding.tests.NewFacilityTest" name="validateConfirmDrawdownAndGreenTick" time="30.651"/>
  <system-out/>
  <testcase classname="com.Funding.tests.NewFacilityTest" name="validateCashAmountAndAccountBalanceAfterAddingDrawdowns" time="32.893"/>
  <system-out/>
  <testcase classname="com.Funding.tests.NewFacilityTest" name="validatePreviousRepaymentsUpdate" time="28.531"/>
  <system-out/>
  <testcase classname="com.Funding.tests.NewFacilityTest" name="validatePreviousDrawdownsUpdate" time="28.607"/>
  <system-out/>
  <testcase classname="com.Funding.tests.NewFacilityTest" name="validateDeleteInRepayments" time="58.797"/>
  <system-out/>
  <testcase classname="com.Funding.tests.NewFacilityTest" name="validateDocumentsTabAndUploadSingleDocument" time="16.389"/>
  <system-out/>
  <testcase classname="com.Funding.tests.NewFacilityTest" name="validateDeleteInDrawdowns" time="46.230"/>
  <system-out/>
  <testcase classname="com.Funding.tests.NewFacilityTest" name="validateOptionsUnderRepaymentsSection" time="5.035"/>
  <system-out/>
  <testcase classname="com.Funding.tests.NewFacilityTest" name="validatePopupByClickingOnNewRepaymentButton" time="5.890"/>
  <system-out/>
</testsuite> <!-- com.Funding.tests.NewFacilityTest -->
