<?xml version="1.0" encoding="UTF-8"?>
<!-- Generated by org.testng.reporters.JUnitReportReporter -->
<testsuite hostname="DESKTOP-26G0JUG" failures="0" tests="1" name="com.Loans.NewLoan.tests.LoanTest" time="30.579" errors="0" timestamp="2024-03-01T16:20:42 IST" skipped="0">
  <testcase classname="com.Loans.NewLoan.tests.LoanTest" name="validateRepaymentPopup" time="30.579"/>
  <system-out/>
</testsuite> <!-- com.Loans.NewLoan.tests.LoanTest -->
