<?xml version="1.0" encoding="UTF-8"?>
<!-- Generated by org.testng.reporters.JUnitReportReporter -->
<testsuite hostname="DESKTOP-26G0JUG" failures="0" tests="1" name="com.Reporting.tests.BalanceSheetTest2" time="46.721" errors="0" timestamp="2024-05-07T13:42:22 IST" skipped="0">
  <testcase classname="com.Reporting.tests.BalanceSheetTest2" name="validateDefaultDateIsCurrentDate" time="46.721"/>
  <system-out/>
</testsuite> <!-- com.Reporting.tests.BalanceSheetTest2 -->
