<?xml version="1.0" encoding="UTF-8"?>
<!-- Generated by org.testng.reporters.JUnitReportReporter -->
<testsuite hostname="Workstation" failures="0" tests="1" name="com.InvestorPortal.tests.IPValidateReporting" time="27.956" errors="0" timestamp="2024-06-20T16:55:39 IST" skipped="0">
  <testcase classname="com.InvestorPortal.tests.IPValidateReporting" name="validateReportingSideMenu" time="27.956"/>
  <system-out/>
</testsuite> <!-- com.InvestorPortal.tests.IPValidateReporting -->
