<?xml version="1.0" encoding="UTF-8"?>
<!-- Generated by org.testng.reporters.JUnitReportReporter -->
<testsuite hostname="DESKTOP-26G0JUG" failures="0" tests="1" name="com.Reporting.tests.LoansTest2" time="30.790" errors="0" timestamp="2024-05-20T12:14:35 IST" skipped="0">
  <testcase classname="com.Reporting.tests.LoansTest2" name="validateMinLTVRatio" time="30.790"/>
  <system-out/>
</testsuite> <!-- com.Reporting.tests.LoansTest2 -->
