<?xml version="1.0" encoding="UTF-8"?>
<!-- Generated by org.testng.reporters.JUnitReportReporter -->
<testsuite hostname="Workstation" failures="0" tests="1" name="com.InvestorPortal.tests.LoginTest" time="31.440" errors="0" timestamp="2024-06-06T20:01:01 IST" skipped="0">
  <testcase classname="com.InvestorPortal.tests.LoginTest" name="validateuserLoginByPreviousPassword" time="31.440"/>
  <system-out/>
</testsuite> <!-- com.InvestorPortal.tests.LoginTest -->
