<?xml version="1.0" encoding="UTF-8"?>
<!-- Generated by org.testng.reporters.JUnitReportReporter -->
<testsuite hostname="DESKTOP-26G0JUG" failures="0" tests="2" name="com.Reporting.tests.test1" time="39.941" errors="0" timestamp="2024-05-23T18:49:43 IST" skipped="0">
  <testcase classname="com.Reporting.tests.test1" name="validateCreditPerformance" time="30.271"/>
  <system-out/>
  <testcase classname="com.Reporting.tests.test1" name="validateLiveLoansPercentage" time="9.670"/>
  <system-out/>
</testsuite> <!-- com.Reporting.tests.test1 -->
