<?xml version="1.0" encoding="UTF-8"?>
<!-- Generated by org.testng.reporters.JUnitReportReporter -->
<testsuite hostname="DESKTOP-26G0JUG" failures="0" tests="64" name="com.Funding.InterestPayment.tests.InterestPaymentStep2Test" time="751.106" errors="0" timestamp="2024-03-05T17:08:36 IST" skipped="0">
  <testcase classname="com.Funding.InterestPayment.tests.InterestPaymentStep2Test" name="validateHealthIsHighlighted" time="24.407"/>
  <system-out/>
  <testcase classname="com.Funding.InterestPayment.tests.InterestPaymentStep2Test" name="validateHealthStepDetails" time="3.841"/>
  <system-out/>
  <testcase classname="com.Funding.InterestPayment.tests.InterestPaymentStep2Test" name="validateInterestPaymentDate" time="3.034"/>
  <system-out/>
  <testcase classname="com.Funding.InterestPayment.tests.InterestPaymentStep2Test" name="validateCalculationStartDate" time="2.960"/>
  <system-out/>
  <testcase classname="com.Funding.InterestPayment.tests.InterestPaymentStep2Test" name="validateSysetmHealthStatus" time="3.249"/>
  <system-out/>
  <testcase classname="com.Funding.InterestPayment.tests.InterestPaymentStep2Test" name="validateAllAllocationsFourSideArrowIcon" time="4.150"/>
  <system-out/>
  <testcase classname="com.Funding.InterestPayment.tests.InterestPaymentStep2Test" name="validateAllocationsBalancedPopupDetails" time="8.307"/>
  <system-out/>
  <testcase classname="com.Funding.InterestPayment.tests.InterestPaymentStep2Test" name="validateDetailsArrowDownIcon" time="11.969"/>
  <system-out/>
  <testcase classname="com.Funding.InterestPayment.tests.InterestPaymentStep2Test" name="validateFacilitysTotalAllocationVisibility" time="8.577"/>
  <system-out/>
  <testcase classname="com.Funding.InterestPayment.tests.InterestPaymentStep2Test" name="validateCloseButton" time="22.847"/>
  <system-out/>
  <testcase classname="com.Funding.InterestPayment.tests.InterestPaymentStep2Test" name="validateXIconButton" time="19.092"/>
  <system-out/>
  <testcase classname="com.Funding.InterestPayment.tests.InterestPaymentStep2Test" name="validateFacilityTableDetails" time="4.834"/>
  <system-out/>
  <testcase classname="com.Funding.InterestPayment.tests.InterestPaymentStep2Test" name="validateLoanAndFacilityAllocationDifference" time="9.500"/>
  <system-out/>
  <testcase classname="com.Funding.InterestPayment.tests.InterestPaymentStep2Test" name="validateAllAlocationHealthStatus" time="7.085"/>
  <system-out/>
  <testcase classname="com.Funding.InterestPayment.tests.InterestPaymentStep2Test" name="validateSortIconVisibility" time="7.635"/>
  <system-out/>
  <testcase classname="com.Funding.InterestPayment.tests.InterestPaymentStep2Test" name="validateDateAndAmountDifferenceSorting" time="8.344"/>
  <system-out/>
  <testcase classname="com.Funding.InterestPayment.tests.InterestPaymentStep2Test" name="validateNonZeroAmountDifferenceDate" time="10.530"/>
  <system-out/>
  <testcase classname="com.Funding.InterestPayment.tests.InterestPaymentStep2Test" name="validateNIMAnalysisFourSideArrowIcon" time="7.745"/>
  <system-out/>
  <testcase classname="com.Funding.InterestPayment.tests.InterestPaymentStep2Test" name="validateNIMAnalysisPopupDetails" time="7.880"/>
  <system-out/>
  <testcase classname="com.Funding.InterestPayment.tests.InterestPaymentStep2Test" name="validateInterestIncomeAmount" time="7.709"/>
  <system-out/>
  <testcase classname="com.Funding.InterestPayment.tests.InterestPaymentStep2Test" name="validateInterestExpenseAmount" time="7.831"/>
  <system-out/>
  <testcase classname="com.Funding.InterestPayment.tests.InterestPaymentStep2Test" name="validateNetInterestMarginAmount" time="7.836"/>
  <system-out/>
  <testcase classname="com.Funding.InterestPayment.tests.InterestPaymentStep2Test" name="validateCashInterestAmount" time="8.652"/>
  <system-out/>
  <testcase classname="com.Funding.InterestPayment.tests.InterestPaymentStep2Test" name="validateRegularInterestAmount" time="8.775"/>
  <system-out/>
  <testcase classname="com.Funding.InterestPayment.tests.InterestPaymentStep2Test" name="validateDefaultInterestAmount" time="8.216"/>
  <system-out/>
  <testcase classname="com.Funding.InterestPayment.tests.InterestPaymentStep2Test" name="validateNetInterestMargin" time="7.810"/>
  <system-out/>
  <testcase classname="com.Funding.InterestPayment.tests.InterestPaymentStep2Test" name="validateDetailsTextArrowIconVisibility" time="8.629"/>
  <system-out/>
  <testcase classname="com.Funding.InterestPayment.tests.InterestPaymentStep2Test" name="validateAllAllocationsDetailsArrowDownIcon" time="13.729"/>
  <system-out/>
  <testcase classname="com.Funding.InterestPayment.tests.InterestPaymentStep2Test" name="validateNIMAnalysisPopupCloseButton" time="23.873"/>
  <system-out/>
  <testcase classname="com.Funding.InterestPayment.tests.InterestPaymentStep2Test" name="validateNIMAnalysisPopupXIconButton" time="19.498"/>
  <system-out/>
  <testcase classname="com.Funding.InterestPayment.tests.InterestPaymentStep2Test" name="validateNimAnalysisFacilityTablesDetails" time="5.897"/>
  <system-out/>
  <testcase classname="com.Funding.InterestPayment.tests.InterestPaymentStep2Test" name="validateInterestIncomeAtNIMS" time="27.412"/>
  <system-out/>
  <testcase classname="com.Funding.InterestPayment.tests.InterestPaymentStep2Test" name="validateInterestExpenseOfEachFacility" time="28.842"/>
  <system-out/>
  <testcase classname="com.Funding.InterestPayment.tests.InterestPaymentStep2Test" name="validateCashInterestOfEachFacility" time="28.950"/>
  <system-out/>
  <testcase classname="com.Funding.InterestPayment.tests.InterestPaymentStep2Test" name="validateRegularInterestOfEachFacility" time="28.027"/>
  <system-out/>
  <testcase classname="com.Funding.InterestPayment.tests.InterestPaymentStep2Test" name="validateResrveDetailsLoanAmount" time="28.020"/>
  <system-out/>
  <testcase classname="com.Funding.InterestPayment.tests.InterestPaymentStep2Test" name="validateDefaultInterestOfEachFacility" time="28.841"/>
  <system-out/>
  <testcase classname="com.Funding.InterestPayment.tests.InterestPaymentStep2Test" name="validateDefaultInterestPaidEachFacility" time="28.707"/>
  <system-out/>
  <testcase classname="com.Funding.InterestPayment.tests.InterestPaymentStep2Test" name="validateLoanAmountOfFacilty" time="10.492"/>
  <system-out/>
  <testcase classname="com.Funding.InterestPayment.tests.InterestPaymentStep2Test" name="validateTotalLoanAmountOfFacilities" time="5.797"/>
  <system-out/>
  <testcase classname="com.Funding.InterestPayment.tests.InterestPaymentStep2Test" name="validateLoanAmountOfAllFacilities" time="8.493"/>
  <system-out/>
  <testcase classname="com.Funding.InterestPayment.tests.InterestPaymentStep2Test" name="validateLoanCarriedForwardLoanAmount" time="6.264"/>
  <system-out/>
  <testcase classname="com.Funding.InterestPayment.tests.InterestPaymentStep2Test" name="validateTotalCarriedForwardLoanAmount" time="6.590"/>
  <system-out/>
  <testcase classname="com.Funding.InterestPayment.tests.InterestPaymentStep2Test" name="validateCarriedForwardAmountOfAllFacilities" time="9.125"/>
  <system-out/>
  <testcase classname="com.Funding.InterestPayment.tests.InterestPaymentStep2Test" name="validateForecastedValue" time="9.252"/>
  <system-out/>
  <testcase classname="com.Funding.InterestPayment.tests.InterestPaymentStep2Test" name="validateForecastPercentage" time="5.836"/>
  <system-out/>
  <testcase classname="com.Funding.InterestPayment.tests.InterestPaymentStep2Test" name="validateDayCountFractionSection" time="3.845"/>
  <system-out/>
  <testcase classname="com.Funding.InterestPayment.tests.InterestPaymentStep2Test" name="validateLastPeriodNumberOfDaysInStep2" time="6.288"/>
  <system-out/>
  <testcase classname="com.Funding.InterestPayment.tests.InterestPaymentStep2Test" name="validateThisPeriodNumberOfDaysValue" time="5.564"/>
  <system-out/>
  <testcase classname="com.Funding.InterestPayment.tests.InterestPaymentStep2Test" name="validateLastMonthDCFValue" time="5.764"/>
  <system-out/>
  <testcase classname="com.Funding.InterestPayment.tests.InterestPaymentStep2Test" name="validateThisMonthDCFValue" time="5.693"/>
  <system-out/>
  <testcase classname="com.Funding.InterestPayment.tests.InterestPaymentStep2Test" name="validateDCFAdjustmentValue" time="5.507"/>
  <system-out/>
  <testcase classname="com.Funding.InterestPayment.tests.InterestPaymentStep2Test" name="validateDeferredInterestCheckTableDetails" time="3.739"/>
  <system-out/>
  <testcase classname="com.Funding.InterestPayment.tests.InterestPaymentStep2Test" name="validateLoangeneratedDeferredInterest" time="33.018"/>
  <system-out/>
  <testcase classname="com.Funding.InterestPayment.tests.InterestPaymentStep2Test" name="validateInternalReference" time="16.399"/>
  <system-out/>
  <testcase classname="com.Funding.InterestPayment.tests.InterestPaymentStep2Test" name="validateLastMonthValue" time="15.432"/>
  <system-out/>
  <testcase classname="com.Funding.InterestPayment.tests.InterestPaymentStep2Test" name="validateThisMonthValue" time="10.871"/>
  <system-out/>
  <testcase classname="com.Funding.InterestPayment.tests.InterestPaymentStep2Test" name="validateDeferredChangeSumAmount" time="7.593"/>
  <system-out/>
  <testcase classname="com.Funding.InterestPayment.tests.InterestPaymentStep2Test" name="validateDeferredDayCount" time="32.694"/>
  <system-out/>
  <testcase classname="com.Funding.InterestPayment.tests.InterestPaymentStep2Test" name="validateRateChangesCheckDetails" time="7.955"/>
  <system-out/>
  <testcase classname="com.Funding.InterestPayment.tests.InterestPaymentStep2Test" name="validateBackAndNextStepButtonVisibility" time="3.575"/>
  <system-out/>
  <testcase classname="com.Funding.InterestPayment.tests.InterestPaymentStep2Test" name="validateHealthBackAndNextStepButton" time="11.148"/>
  <system-out/>
  <testcase classname="com.Funding.InterestPayment.tests.InterestPaymentStep2Test" name="validateHealthBackStepButton" time="5.426"/>
  <system-out/>
  <testcase classname="com.Funding.InterestPayment.tests.InterestPaymentStep2Test" name="validateHealthNextStepButton" time="5.506"/>
  <system-out/>
</testsuite> <!-- com.Funding.InterestPayment.tests.InterestPaymentStep2Test -->
