<?xml version="1.0" encoding="UTF-8"?>
<!-- Generated by org.testng.reporters.JUnitReportReporter -->
<testsuite hostname="DESKTOP-26G0JUG" failures="0" tests="18" name="com.Funding.InterestPayment.tests.InterestPaymentStep5Test" time="224.591" errors="0" timestamp="2024-03-05T16:50:25 IST" skipped="0">
  <testcase classname="com.Funding.InterestPayment.tests.InterestPaymentStep5Test" name="validateNavigationToStep5" time="27.380"/>
  <system-out/>
  <testcase classname="com.Funding.InterestPayment.tests.InterestPaymentStep5Test" name="validateCalculationStartAndEndDate" time="6.094"/>
  <system-out/>
  <testcase classname="com.Funding.InterestPayment.tests.InterestPaymentStep5Test" name="validateFacilityTableColumnsVisibility" time="5.457"/>
  <system-out/>
  <testcase classname="com.Funding.InterestPayment.tests.InterestPaymentStep5Test" name="validateInternalReferenceOfAllFacilities" time="8.482"/>
  <system-out/>
  <testcase classname="com.Funding.InterestPayment.tests.InterestPaymentStep5Test" name="validateFacilityNameCorrespondingInternalReference" time="17.618"/>
  <system-out/>
  <testcase classname="com.Funding.InterestPayment.tests.InterestPaymentStep5Test" name="validateFacilityAmountPayable" time="8.673"/>
  <system-out/>
  <testcase classname="com.Funding.InterestPayment.tests.InterestPaymentStep5Test" name="validateCarriedForwardLoanAmount" time="8.694"/>
  <system-out/>
  <testcase classname="com.Funding.InterestPayment.tests.InterestPaymentStep5Test" name="validateOverallSectionVisibility" time="5.592"/>
  <system-out/>
  <testcase classname="com.Funding.InterestPayment.tests.InterestPaymentStep5Test" name="validateInterestIncomeAtStep5" time="5.334"/>
  <system-out/>
  <testcase classname="com.Funding.InterestPayment.tests.InterestPaymentStep5Test" name="validateInterestExpenseAtStep5" time="5.569"/>
  <system-out/>
  <testcase classname="com.Funding.InterestPayment.tests.InterestPaymentStep5Test" name="validateNetInterestMarginAtStep5" time="21.817"/>
  <system-out/>
  <testcase classname="com.Funding.InterestPayment.tests.InterestPaymentStep5Test" name="validateCustomerLoansSectionVisibility" time="5.525"/>
  <system-out/>
  <testcase classname="com.Funding.InterestPayment.tests.InterestPaymentStep5Test" name="validateInterestIncomeUnderCustomerLoansAtStep5" time="5.737"/>
  <system-out/>
  <testcase classname="com.Funding.InterestPayment.tests.InterestPaymentStep5Test" name="validateNIMAnalysisSectionVisibility" time="5.750"/>
  <system-out/>
  <testcase classname="com.Funding.InterestPayment.tests.InterestPaymentStep5Test" name="validateCashInterestAmountAtStep5" time="21.810"/>
  <system-out/>
  <testcase classname="com.Funding.InterestPayment.tests.InterestPaymentStep5Test" name="validateLoanInterestAmountAtStep5" time="21.936"/>
  <system-out/>
  <testcase classname="com.Funding.InterestPayment.tests.InterestPaymentStep5Test" name="validateDefaultInterestAmountAtStep5" time="21.592"/>
  <system-out/>
  <testcase classname="com.Funding.InterestPayment.tests.InterestPaymentStep5Test" name="validateNetAmountAtStep5" time="21.531"/>
  <system-out/>
</testsuite> <!-- com.Funding.InterestPayment.tests.InterestPaymentStep5Test -->
